
> unsplash-chatbot@2.0.0 start
> node index.js

Unsplash Chatbot for Zoom listening on port 4000!
/new_vote api -- message sent from zoom <ref *2> IncomingMessage {
  _readableState: ReadableState {
    objectMode: false,
    highWaterMark: 16384,
    buffer: BufferList { head: null, tail: null, length: 0 },
    length: 0,
    pipes: [],
    flowing: true,
    ended: true,
    endEmitted: true,
    reading: false,
    constructed: true,
    sync: false,
    needReadable: false,
    emittedReadable: false,
    readableListening: false,
    resumeScheduled: false,
    errorEmitted: false,
    emitClose: true,
    autoDestroy: true,
    destroyed: false,
    errored: null,
    closed: false,
    closeEmitted: false,
    defaultEncoding: 'utf8',
    awaitDrainWriters: null,
    multiAwaitDrain: false,
    readingMore: false,
    dataEmitted: true,
    decoder: null,
    encoding: null,
    [Symbol(kPaused)]: false
  },
  _events: [Object: null prototype] {},
  _eventsCount: 0,
  _maxListeners: undefined,
  socket: <ref *1> Socket {
    connecting: false,
    _hadError: false,
    _parent: null,
    _host: null,
    _closeAfterHandlingError: false,
    _readableState: ReadableState {
      objectMode: false,
      highWaterMark: 16384,
      buffer: BufferList { head: null, tail: null, length: 0 },
      length: 0,
      pipes: [],
      flowing: true,
      ended: false,
      endEmitted: false,
      reading: true,
      constructed: true,
      sync: false,
      needReadable: true,
      emittedReadable: false,
      readableListening: false,
      resumeScheduled: false,
      errorEmitted: false,
      emitClose: false,
      autoDestroy: true,
      destroyed: false,
      errored: null,
      closed: false,
      closeEmitted: false,
      defaultEncoding: 'utf8',
      awaitDrainWriters: null,
      multiAwaitDrain: false,
      readingMore: false,
      dataEmitted: false,
      decoder: null,
      encoding: null,
      [Symbol(kPaused)]: false
    },
    _events: [Object: null prototype] {
      end: [Array],
      timeout: [Function: socketOnTimeout],
      data: [Function: bound socketOnData],
      error: [Function: socketOnError],
      close: [Array],
      drain: [Function: bound socketOnDrain],
      resume: [Function: onSocketResume],
      pause: [Function: onSocketPause]
    },
    _eventsCount: 8,
    _maxListeners: undefined,
    _writableState: WritableState {
      objectMode: false,
      highWaterMark: 16384,
      finalCalled: false,
      needDrain: false,
      ending: false,
      ended: false,
      finished: false,
      destroyed: false,
      decodeStrings: false,
      defaultEncoding: 'utf8',
      length: 0,
      writing: false,
      corked: 0,
      sync: true,
      bufferProcessing: false,
      onwrite: [Function: bound onwrite],
      writecb: null,
      writelen: 0,
      afterWriteTickInfo: null,
      buffered: [],
      bufferedIndex: 0,
      allBuffers: true,
      allNoop: true,
      pendingcb: 0,
      constructed: true,
      prefinished: false,
      errorEmitted: false,
      emitClose: false,
      autoDestroy: true,
      errored: null,
      closed: false,
      closeEmitted: false,
      [Symbol(kOnFinished)]: []
    },
    allowHalfOpen: true,
    _sockname: null,
    _pendingData: null,
    _pendingEncoding: '',
    server: Server {
      maxHeaderSize: undefined,
      insecureHTTPParser: undefined,
      requestTimeout: 300000,
      headersTimeout: 60000,
      keepAliveTimeout: 5000,
      connectionsCheckingInterval: 30000,
      joinDuplicateHeaders: undefined,
      _events: [Object: null prototype],
      _eventsCount: 2,
      _maxListeners: undefined,
      _connections: 1,
      _handle: [TCP],
      _usingWorkers: false,
      _workers: [],
      _unref: false,
      allowHalfOpen: true,
      pauseOnConnect: false,
      noDelay: true,
      keepAlive: false,
      keepAliveInitialDelay: 0,
      httpAllowHalfOpen: false,
      timeout: 0,
      maxHeadersCount: null,
      maxRequestsPerSocket: 0,
      _connectionKey: '6::::4000',
      [Symbol(IncomingMessage)]: [Function: IncomingMessage],
      [Symbol(ServerResponse)]: [Function: ServerResponse],
      [Symbol(kCapture)]: false,
      [Symbol(async_id_symbol)]: 5,
      [Symbol(http.server.connections)]: ConnectionsList {},
      [Symbol(http.server.connectionsCheckingInterval)]: Timeout {
        _idleTimeout: 30000,
        _idlePrev: [TimersList],
        _idleNext: [TimersList],
        _idleStart: 203,
        _onTimeout: [Function: bound checkConnections],
        _timerArgs: undefined,
        _repeat: 30000,
        _destroyed: false,
        [Symbol(refed)]: false,
        [Symbol(kHasPrimitive)]: false,
        [Symbol(asyncId)]: 4,
        [Symbol(triggerId)]: 1
      },
      [Symbol(kUniqueHeaders)]: null
    },
    _server: Server {
      maxHeaderSize: undefined,
      insecureHTTPParser: undefined,
      requestTimeout: 300000,
      headersTimeout: 60000,
      keepAliveTimeout: 5000,
      connectionsCheckingInterval: 30000,
      joinDuplicateHeaders: undefined,
      _events: [Object: null prototype],
      _eventsCount: 2,
      _maxListeners: undefined,
      _connections: 1,
      _handle: [TCP],
      _usingWorkers: false,
      _workers: [],
      _unref: false,
      allowHalfOpen: true,
      pauseOnConnect: false,
      noDelay: true,
      keepAlive: false,
      keepAliveInitialDelay: 0,
      httpAllowHalfOpen: false,
      timeout: 0,
      maxHeadersCount: null,
      maxRequestsPerSocket: 0,
      _connectionKey: '6::::4000',
      [Symbol(IncomingMessage)]: [Function: IncomingMessage],
      [Symbol(ServerResponse)]: [Function: ServerResponse],
      [Symbol(kCapture)]: false,
      [Symbol(async_id_symbol)]: 5,
      [Symbol(http.server.connections)]: ConnectionsList {},
      [Symbol(http.server.connectionsCheckingInterval)]: Timeout {
        _idleTimeout: 30000,
        _idlePrev: [TimersList],
        _idleNext: [TimersList],
        _idleStart: 203,
        _onTimeout: [Function: bound checkConnections],
        _timerArgs: undefined,
        _repeat: 30000,
        _destroyed: false,
        [Symbol(refed)]: false,
        [Symbol(kHasPrimitive)]: false,
        [Symbol(asyncId)]: 4,
        [Symbol(triggerId)]: 1
      },
      [Symbol(kUniqueHeaders)]: null
    },
    parser: HTTPParser {
      '0': null,
      '1': [Function: parserOnHeaders],
      '2': [Function: parserOnHeadersComplete],
      '3': [Function: parserOnBody],
      '4': [Function: parserOnMessageComplete],
      '5': [Function: bound onParserExecute],
      '6': [Function: bound onParserTimeout],
      _headers: [],
      _url: '',
      socket: [Circular *1],
      incoming: [Circular *2],
      outgoing: null,
      maxHeaderPairs: 2000,
      _consumed: true,
      onIncoming: [Function: bound parserOnIncoming],
      [Symbol(resource_symbol)]: [HTTPServerAsyncResource]
    },
    on: [Function: socketListenerWrap],
    addListener: [Function: socketListenerWrap],
    prependListener: [Function: socketListenerWrap],
    setEncoding: [Function: socketSetEncoding],
    _paused: false,
    _httpMessage: ServerResponse {
      _events: [Object: null prototype],
      _eventsCount: 1,
      _maxListeners: undefined,
      outputData: [],
      outputSize: 0,
      writable: true,
      destroyed: false,
      _last: false,
      chunkedEncoding: false,
      shouldKeepAlive: true,
      maxRequestsOnConnectionReached: false,
      _defaultKeepAlive: true,
      useChunkedEncodingByDefault: true,
      sendDate: true,
      _removedConnection: false,
      _removedContLen: false,
      _removedTE: false,
      strictContentLength: false,
      _contentLength: null,
      _hasBody: true,
      _trailer: '',
      finished: false,
      _headerSent: false,
      _closed: false,
      socket: [Circular *1],
      _header: null,
      _keepAliveTimeout: 5000,
      _onPendingData: [Function: bound updateOutgoingData],
      req: [Circular *2],
      _sent100: false,
      _expect_continue: false,
      _maxRequestsPerSocket: 0,
      locals: [Object: null prototype] {},
      [Symbol(kCapture)]: false,
      [Symbol(kBytesWritten)]: 0,
      [Symbol(kNeedDrain)]: false,
      [Symbol(corked)]: 0,
      [Symbol(kOutHeaders)]: [Object: null prototype],
      [Symbol(errored)]: null,
      [Symbol(kUniqueHeaders)]: null
    },
    [Symbol(async_id_symbol)]: 9,
    [Symbol(kHandle)]: TCP {
      reading: true,
      onconnection: null,
      _consumed: true,
      [Symbol(owner_symbol)]: [Circular *1]
    },
    [Symbol(lastWriteQueueSize)]: 0,
    [Symbol(timeout)]: null,
    [Symbol(kBuffer)]: null,
    [Symbol(kBufferCb)]: null,
    [Symbol(kBufferGen)]: null,
    [Symbol(kCapture)]: false,
    [Symbol(kSetNoDelay)]: true,
    [Symbol(kSetKeepAlive)]: false,
    [Symbol(kSetKeepAliveInitialDelay)]: 0,
    [Symbol(kBytesRead)]: 0,
    [Symbol(kBytesWritten)]: 0
  },
  httpVersionMajor: 1,
  httpVersionMinor: 1,
  httpVersion: '1.1',
  complete: true,
  rawHeaders: [
    'Host',
    'ad67-38-99-100-7.ngrok-free.app',
    'User-Agent',
    'Zoom Marketplace/1.0',
    'Content-Length',
    '425',
    'Accept',
    '*/*',
    'Accept-Encoding',
    'gzip',
    'Authorization',
    'Wnnr_37uQH6eEstkUp4k2w',
    'Clientid',
    'oHiKaSdpRPmh5Bah4u5hiw',
    'Content-Type',
    'application/json;charset=UTF-8',
    'X-B3-Parentspanid',
    'add52dd697f85d24',
    'X-B3-Sampled',
    '0',
    'X-B3-Spanid',
    '334907f18a916b79',
    'X-B3-Traceid',
    'add52dd697f85d24',
    'X-Forwarded-For',
    '3.235.82.171',
    'X-Forwarded-Proto',
    'https',
    'X-Span-Name',
    'https:/new_vote',
    'X-Zm-B3',
    '0',
    'X-Zm-Request-Timestamp',
    '1683238591',
    'X-Zm-Signature',
    'v0=da4ec34b536c081b907e58448dbc8573cf16758b1f98bc48712d87e945540677',
    'X-Zm-Trackingid',
    'BOT_4bfbde29bef7410faad6ca3ef5495620'
  ],
  rawTrailers: [],
  joinDuplicateHeaders: undefined,
  aborted: false,
  upgrade: false,
  url: '/new_vote',
  method: 'POST',
  statusCode: null,
  statusMessage: null,
  client: <ref *1> Socket {
    connecting: false,
    _hadError: false,
    _parent: null,
    _host: null,
    _closeAfterHandlingError: false,
    _readableState: ReadableState {
      objectMode: false,
      highWaterMark: 16384,
      buffer: BufferList { head: null, tail: null, length: 0 },
      length: 0,
      pipes: [],
      flowing: true,
      ended: false,
      endEmitted: false,
      reading: true,
      constructed: true,
      sync: false,
      needReadable: true,
      emittedReadable: false,
      readableListening: false,
      resumeScheduled: false,
      errorEmitted: false,
      emitClose: false,
      autoDestroy: true,
      destroyed: false,
      errored: null,
      closed: false,
      closeEmitted: false,
      defaultEncoding: 'utf8',
      awaitDrainWriters: null,
      multiAwaitDrain: false,
      readingMore: false,
      dataEmitted: false,
      decoder: null,
      encoding: null,
      [Symbol(kPaused)]: false
    },
    _events: [Object: null prototype] {
      end: [Array],
      timeout: [Function: socketOnTimeout],
      data: [Function: bound socketOnData],
      error: [Function: socketOnError],
      close: [Array],
      drain: [Function: bound socketOnDrain],
      resume: [Function: onSocketResume],
      pause: [Function: onSocketPause]
    },
    _eventsCount: 8,
    _maxListeners: undefined,
    _writableState: WritableState {
      objectMode: false,
      highWaterMark: 16384,
      finalCalled: false,
      needDrain: false,
      ending: false,
      ended: false,
      finished: false,
      destroyed: false,
      decodeStrings: false,
      defaultEncoding: 'utf8',
      length: 0,
      writing: false,
      corked: 0,
      sync: true,
      bufferProcessing: false,
      onwrite: [Function: bound onwrite],
      writecb: null,
      writelen: 0,
      afterWriteTickInfo: null,
      buffered: [],
      bufferedIndex: 0,
      allBuffers: true,
      allNoop: true,
      pendingcb: 0,
      constructed: true,
      prefinished: false,
      errorEmitted: false,
      emitClose: false,
      autoDestroy: true,
      errored: null,
      closed: false,
      closeEmitted: false,
      [Symbol(kOnFinished)]: []
    },
    allowHalfOpen: true,
    _sockname: null,
    _pendingData: null,
    _pendingEncoding: '',
    server: Server {
      maxHeaderSize: undefined,
      insecureHTTPParser: undefined,
      requestTimeout: 300000,
      headersTimeout: 60000,
      keepAliveTimeout: 5000,
      connectionsCheckingInterval: 30000,
      joinDuplicateHeaders: undefined,
      _events: [Object: null prototype],
      _eventsCount: 2,
      _maxListeners: undefined,
      _connections: 1,
      _handle: [TCP],
      _usingWorkers: false,
      _workers: [],
      _unref: false,
      allowHalfOpen: true,
      pauseOnConnect: false,
      noDelay: true,
      keepAlive: false,
      keepAliveInitialDelay: 0,
      httpAllowHalfOpen: false,
      timeout: 0,
      maxHeadersCount: null,
      maxRequestsPerSocket: 0,
      _connectionKey: '6::::4000',
      [Symbol(IncomingMessage)]: [Function: IncomingMessage],
      [Symbol(ServerResponse)]: [Function: ServerResponse],
      [Symbol(kCapture)]: false,
      [Symbol(async_id_symbol)]: 5,
      [Symbol(http.server.connections)]: ConnectionsList {},
      [Symbol(http.server.connectionsCheckingInterval)]: Timeout {
        _idleTimeout: 30000,
        _idlePrev: [TimersList],
        _idleNext: [TimersList],
        _idleStart: 203,
        _onTimeout: [Function: bound checkConnections],
        _timerArgs: undefined,
        _repeat: 30000,
        _destroyed: false,
        [Symbol(refed)]: false,
        [Symbol(kHasPrimitive)]: false,
        [Symbol(asyncId)]: 4,
        [Symbol(triggerId)]: 1
      },
      [Symbol(kUniqueHeaders)]: null
    },
    _server: Server {
      maxHeaderSize: undefined,
      insecureHTTPParser: undefined,
      requestTimeout: 300000,
      headersTimeout: 60000,
      keepAliveTimeout: 5000,
      connectionsCheckingInterval: 30000,
      joinDuplicateHeaders: undefined,
      _events: [Object: null prototype],
      _eventsCount: 2,
      _maxListeners: undefined,
      _connections: 1,
      _handle: [TCP],
      _usingWorkers: false,
      _workers: [],
      _unref: false,
      allowHalfOpen: true,
      pauseOnConnect: false,
      noDelay: true,
      keepAlive: false,
      keepAliveInitialDelay: 0,
      httpAllowHalfOpen: false,
      timeout: 0,
      maxHeadersCount: null,
      maxRequestsPerSocket: 0,
      _connectionKey: '6::::4000',
      [Symbol(IncomingMessage)]: [Function: IncomingMessage],
      [Symbol(ServerResponse)]: [Function: ServerResponse],
      [Symbol(kCapture)]: false,
      [Symbol(async_id_symbol)]: 5,
      [Symbol(http.server.connections)]: ConnectionsList {},
      [Symbol(http.server.connectionsCheckingInterval)]: Timeout {
        _idleTimeout: 30000,
        _idlePrev: [TimersList],
        _idleNext: [TimersList],
        _idleStart: 203,
        _onTimeout: [Function: bound checkConnections],
        _timerArgs: undefined,
        _repeat: 30000,
        _destroyed: false,
        [Symbol(refed)]: false,
        [Symbol(kHasPrimitive)]: false,
        [Symbol(asyncId)]: 4,
        [Symbol(triggerId)]: 1
      },
      [Symbol(kUniqueHeaders)]: null
    },
    parser: HTTPParser {
      '0': null,
      '1': [Function: parserOnHeaders],
      '2': [Function: parserOnHeadersComplete],
      '3': [Function: parserOnBody],
      '4': [Function: parserOnMessageComplete],
      '5': [Function: bound onParserExecute],
      '6': [Function: bound onParserTimeout],
      _headers: [],
      _url: '',
      socket: [Circular *1],
      incoming: [Circular *2],
      outgoing: null,
      maxHeaderPairs: 2000,
      _consumed: true,
      onIncoming: [Function: bound parserOnIncoming],
      [Symbol(resource_symbol)]: [HTTPServerAsyncResource]
    },
    on: [Function: socketListenerWrap],
    addListener: [Function: socketListenerWrap],
    prependListener: [Function: socketListenerWrap],
    setEncoding: [Function: socketSetEncoding],
    _paused: false,
    _httpMessage: ServerResponse {
      _events: [Object: null prototype],
      _eventsCount: 1,
      _maxListeners: undefined,
      outputData: [],
      outputSize: 0,
      writable: true,
      destroyed: false,
      _last: false,
      chunkedEncoding: false,
      shouldKeepAlive: true,
      maxRequestsOnConnectionReached: false,
      _defaultKeepAlive: true,
      useChunkedEncodingByDefault: true,
      sendDate: true,
      _removedConnection: false,
      _removedContLen: false,
      _removedTE: false,
      strictContentLength: false,
      _contentLength: null,
      _hasBody: true,
      _trailer: '',
      finished: false,
      _headerSent: false,
      _closed: false,
      socket: [Circular *1],
      _header: null,
      _keepAliveTimeout: 5000,
      _onPendingData: [Function: bound updateOutgoingData],
      req: [Circular *2],
      _sent100: false,
      _expect_continue: false,
      _maxRequestsPerSocket: 0,
      locals: [Object: null prototype] {},
      [Symbol(kCapture)]: false,
      [Symbol(kBytesWritten)]: 0,
      [Symbol(kNeedDrain)]: false,
      [Symbol(corked)]: 0,
      [Symbol(kOutHeaders)]: [Object: null prototype],
      [Symbol(errored)]: null,
      [Symbol(kUniqueHeaders)]: null
    },
    [Symbol(async_id_symbol)]: 9,
    [Symbol(kHandle)]: TCP {
      reading: true,
      onconnection: null,
      _consumed: true,
      [Symbol(owner_symbol)]: [Circular *1]
    },
    [Symbol(lastWriteQueueSize)]: 0,
    [Symbol(timeout)]: null,
    [Symbol(kBuffer)]: null,
    [Symbol(kBufferCb)]: null,
    [Symbol(kBufferGen)]: null,
    [Symbol(kCapture)]: false,
    [Symbol(kSetNoDelay)]: true,
    [Symbol(kSetKeepAlive)]: false,
    [Symbol(kSetKeepAliveInitialDelay)]: 0,
    [Symbol(kBytesRead)]: 0,
    [Symbol(kBytesWritten)]: 0
  },
  _consuming: true,
  _dumped: false,
  next: [Function: next],
  baseUrl: '',
  originalUrl: '/new_vote',
  _parsedUrl: Url {
    protocol: null,
    slashes: null,
    auth: null,
    host: null,
    port: null,
    hostname: null,
    hash: null,
    search: null,
    query: null,
    pathname: '/new_vote',
    path: '/new_vote',
    href: '/new_vote',
    _raw: '/new_vote'
  },
  params: {},
  query: {},
  res: <ref *3> ServerResponse {
    _events: [Object: null prototype] { finish: [Function: bound resOnFinish] },
    _eventsCount: 1,
    _maxListeners: undefined,
    outputData: [],
    outputSize: 0,
    writable: true,
    destroyed: false,
    _last: false,
    chunkedEncoding: false,
    shouldKeepAlive: true,
    maxRequestsOnConnectionReached: false,
    _defaultKeepAlive: true,
    useChunkedEncodingByDefault: true,
    sendDate: true,
    _removedConnection: false,
    _removedContLen: false,
    _removedTE: false,
    strictContentLength: false,
    _contentLength: null,
    _hasBody: true,
    _trailer: '',
    finished: false,
    _headerSent: false,
    _closed: false,
    socket: <ref *1> Socket {
      connecting: false,
      _hadError: false,
      _parent: null,
      _host: null,
      _closeAfterHandlingError: false,
      _readableState: [ReadableState],
      _events: [Object: null prototype],
      _eventsCount: 8,
      _maxListeners: undefined,
      _writableState: [WritableState],
      allowHalfOpen: true,
      _sockname: null,
      _pendingData: null,
      _pendingEncoding: '',
      server: [Server],
      _server: [Server],
      parser: [HTTPParser],
      on: [Function: socketListenerWrap],
      addListener: [Function: socketListenerWrap],
      prependListener: [Function: socketListenerWrap],
      setEncoding: [Function: socketSetEncoding],
      _paused: false,
      _httpMessage: [Circular *3],
      [Symbol(async_id_symbol)]: 9,
      [Symbol(kHandle)]: [TCP],
      [Symbol(lastWriteQueueSize)]: 0,
      [Symbol(timeout)]: null,
      [Symbol(kBuffer)]: null,
      [Symbol(kBufferCb)]: null,
      [Symbol(kBufferGen)]: null,
      [Symbol(kCapture)]: false,
      [Symbol(kSetNoDelay)]: true,
      [Symbol(kSetKeepAlive)]: false,
      [Symbol(kSetKeepAliveInitialDelay)]: 0,
      [Symbol(kBytesRead)]: 0,
      [Symbol(kBytesWritten)]: 0
    },
    _header: null,
    _keepAliveTimeout: 5000,
    _onPendingData: [Function: bound updateOutgoingData],
    req: [Circular *2],
    _sent100: false,
    _expect_continue: false,
    _maxRequestsPerSocket: 0,
    locals: [Object: null prototype] {},
    [Symbol(kCapture)]: false,
    [Symbol(kBytesWritten)]: 0,
    [Symbol(kNeedDrain)]: false,
    [Symbol(corked)]: 0,
    [Symbol(kOutHeaders)]: [Object: null prototype] {
      'content-security-policy': [Array],
      'cross-origin-opener-policy': [Array],
      'cross-origin-resource-policy': [Array],
      'x-dns-prefetch-control': [Array],
      'x-frame-options': [Array],
      'strict-transport-security': [Array],
      'x-download-options': [Array],
      'x-content-type-options': [Array],
      'origin-agent-cluster': [Array],
      'x-permitted-cross-domain-policies': [Array],
      'referrer-policy': [Array],
      'x-xss-protection': [Array]
    },
    [Symbol(errored)]: null,
    [Symbol(kUniqueHeaders)]: null
  },
  body: {
    event: 'bot_notification',
    payload: {
      accountId: 'HPAxVVZtQiuaOo4gyi2sag',
      channelName: 'Ojus Save Test',
      cmd: 'abc',
      robotJid: 'v1qtdazs1gsbkwms-3qzukbw@xmpp.zoom.us',
      timestamp: 1683238591523,
      toJid: 'jqfut1woqra0opxcyeanfq@xmpp.zoom.us/hj2kyhhdqsixpom3c-z4cw@xmpp.zoom.us',
      triggerId: 'AxysSjenTw6Vu5sRpVml6Q',
      userId: 'jQfUT1woQra0opXcYeanFQ',
      userJid: 'jqfut1woqra0opxcyeanfq@xmpp.zoom.us',
      userName: 'Zoom API User'
    }
  },
  _body: true,
  length: undefined,
  route: Route {
    path: '/new_vote',
    stack: [ [Layer] ],
    methods: { post: true }
  },
  [Symbol(kCapture)]: false,
  [Symbol(kHeaders)]: {
    host: 'ad67-38-99-100-7.ngrok-free.app',
    'user-agent': 'Zoom Marketplace/1.0',
    'content-length': '425',
    accept: '*/*',
    'accept-encoding': 'gzip',
    authorization: 'Wnnr_37uQH6eEstkUp4k2w',
    clientid: 'oHiKaSdpRPmh5Bah4u5hiw',
    'content-type': 'application/json;charset=UTF-8',
    'x-b3-parentspanid': 'add52dd697f85d24',
    'x-b3-sampled': '0',
    'x-b3-spanid': '334907f18a916b79',
    'x-b3-traceid': 'add52dd697f85d24',
    'x-forwarded-for': '3.235.82.171',
    'x-forwarded-proto': 'https',
    'x-span-name': 'https:/new_vote',
    'x-zm-b3': '0',
    'x-zm-request-timestamp': '1683238591',
    'x-zm-signature': 'v0=da4ec34b536c081b907e58448dbc8573cf16758b1f98bc48712d87e945540677',
    'x-zm-trackingid': 'BOT_4bfbde29bef7410faad6ca3ef5495620'
  },
  [Symbol(kHeadersCount)]: 38,
  [Symbol(kTrailers)]: null,
  [Symbol(kTrailersCount)]: 0
}
/new_vote api -- auth header Wnnr_37uQH6eEstkUp4k2w
Error occurred: Error: Error sending chat
    at sendChat (/Users/ojusave/Downloads/ZoomNewBot/index.js:327:13)
    at process.processTicksAndRejections (node:internal/process/task_queues:95:5)
    at async /Users/ojusave/Downloads/ZoomNewBot/index.js:257:7
getAppContext -- context header DI1996nyWLgNZMBwUgAAOwEAAPtLVRIAJ9hjDjA9fG5-VFxvbtBZyAkYgaDZAw4c09MePcKtuFuzXki4P7kexPCkyFPWb1Km2Jhy30C_agrzibBqTRtb500agiwRgWggJHCeByTmpNZMav7wen5l-3aJjwNTfWFpviNSTGaS2p0nHwDwx1U6Ftx1rMYB5TaQL_TcF7myRPQ3UteQvB0D3iKc8jy906-7QuPGSt_IRE0CNnWba8HZAVo6MEKDM4DMr1M3OLSZZk7yG6iU8TJhweGfN7PNVzbfB0Smgs-Kxb8-KRN9zfG0CowR8YcGc_6GJi7TjWbWaCPNaWXLIK7ynejZyf_kLMX8UfK3Pu3OQ9wO9vXxJWgOYoCl5MNXWcdbsjdrDQF7yrCbiQagK30npq8E0JdmCB-4OtkycOCM1AqzcXo6D_vZzvUdp2XCsLiQjdfcgDuEFLhp3n2SogY
getAppContext -- context header secret Q8JFJcIxLpQ5zrIALl8MWlEsTvJvbV54
/webview api --- app context -  {
  typ: 'chat',
  uid: 'jQfUT1woQra0opXcYeanFQ',
  aud: 'oHiKaSdpRPmh5Bah4u5hiw',
  iss: 'marketplace.zoom.us',
  ts: 1683238595472,
  exp: 1683238715472,
  entitlements: [],
  sid: 'hj2kyhhdqsixpom3c-z4cw@xmpp.zoom.us',
  of: 'composeShortcut',
  actid: 'SendMessage',
  aid: 'SendMessage',
  chid: 'hj2kyhhdqsixpom3c-z4cw@xmpp.zoom.us'
}
/webview api --- SID  hj2kyhhdqsixpom3c-z4cw@xmpp.zoom.us
Error sending chat. AxiosError: Request failed with status code 401
    at settle (/Users/ojusave/Downloads/ZoomNewBot/node_modules/axios/dist/node/axios.cjs:1909:12)
    at IncomingMessage.handleStreamEnd (/Users/ojusave/Downloads/ZoomNewBot/node_modules/axios/dist/node/axios.cjs:2989:11)
    at IncomingMessage.emit (node:events:525:35)
    at endReadableNT (node:internal/streams/readable:1359:12)
    at process.processTicksAndRejections (node:internal/process/task_queues:82:21) {
  code: 'ERR_BAD_REQUEST',
  config: {
    transitional: {
      silentJSONParsing: true,
      forcedJSONParsing: true,
      clarifyTimeoutError: false
    },
    adapter: [ 'xhr', 'http' ],
    transformRequest: [ [Function: transformRequest] ],
    transformResponse: [ [Function: transformResponse] ],
    timeout: 0,
    xsrfCookieName: 'XSRF-TOKEN',
    xsrfHeaderName: 'X-XSRF-TOKEN',
    maxContentLength: -1,
    maxBodyLength: -1,
    env: { FormData: [Function], Blob: [class Blob] },
    validateStatus: [Function: validateStatus],
    headers: AxiosHeaders {
      Accept: 'application/json, text/plain, */*',
      'Content-Type': 'application/json',
      Authorization: 'Bearer ',
      'User-Agent': 'axios/1.4.0',
      'Content-Length': '353',
      'Accept-Encoding': 'gzip, compress, deflate, br'
    },
    method: 'post',
    url: 'https://api.zoom.us/v2/im/chat/messages',
    data: '{"robot_jid":"v1qtdazs1gsbkwms-3qzukbw@xmpp.zoom.us","to_jid":"jQfUT1woQra0opXcYeanFQ@xmpp.zoom.us/hj2kyhhdqsixpom3c-z4cw@xmpp.zoom.us","account_id":"HPAxVVZtQiuaOo4gyi2sag","user_jid":"jQfUT1woQra0opXcYeanFQ@xmpp.zoom.us","is_markdown_support":true,"content":{"settings":{"default_sidebar_color":"#357B2A"},"body":[{"type":"message","text":"Dashed"}]}}'
  },
  request: <ref *1> ClientRequest {
    _events: [Object: null prototype] {
      abort: [Function (anonymous)],
      aborted: [Function (anonymous)],
      connect: [Function (anonymous)],
      error: [Function (anonymous)],
      socket: [Function (anonymous)],
      timeout: [Function (anonymous)],
      finish: [Function: requestOnFinish]
    },
    _eventsCount: 7,
    _maxListeners: undefined,
    outputData: [],
    outputSize: 0,
    writable: true,
    destroyed: false,
    _last: true,
    chunkedEncoding: false,
    shouldKeepAlive: false,
    maxRequestsOnConnectionReached: false,
    _defaultKeepAlive: true,
    useChunkedEncodingByDefault: true,
    sendDate: false,
    _removedConnection: false,
    _removedContLen: false,
    _removedTE: false,
    strictContentLength: false,
    _contentLength: '353',
    _hasBody: true,
    _trailer: '',
    finished: true,
    _headerSent: true,
    _closed: false,
    socket: TLSSocket {
      _tlsOptions: [Object],
      _secureEstablished: true,
      _securePending: false,
      _newSessionPending: false,
      _controlReleased: true,
      secureConnecting: false,
      _SNICallback: null,
      servername: 'api.zoom.us',
      alpnProtocol: false,
      authorized: true,
      authorizationError: null,
      encrypted: true,
      _events: [Object: null prototype],
      _eventsCount: 10,
      connecting: false,
      _hadError: false,
      _parent: null,
      _host: 'api.zoom.us',
      _closeAfterHandlingError: false,
      _readableState: [ReadableState],
      _maxListeners: undefined,
      _writableState: [WritableState],
      allowHalfOpen: false,
      _sockname: null,
      _pendingData: null,
      _pendingEncoding: '',
      server: undefined,
      _server: null,
      ssl: [TLSWrap],
      _requestCert: true,
      _rejectUnauthorized: true,
      parser: null,
      _httpMessage: [Circular *1],
      [Symbol(res)]: [TLSWrap],
      [Symbol(verified)]: true,
      [Symbol(pendingSession)]: null,
      [Symbol(async_id_symbol)]: 187,
      [Symbol(kHandle)]: [TLSWrap],
      [Symbol(lastWriteQueueSize)]: 0,
      [Symbol(timeout)]: null,
      [Symbol(kBuffer)]: null,
      [Symbol(kBufferCb)]: null,
      [Symbol(kBufferGen)]: null,
      [Symbol(kCapture)]: false,
      [Symbol(kSetNoDelay)]: false,
      [Symbol(kSetKeepAlive)]: true,
      [Symbol(kSetKeepAliveInitialDelay)]: 60,
      [Symbol(kBytesRead)]: 0,
      [Symbol(kBytesWritten)]: 0,
      [Symbol(connect-options)]: [Object]
    },
    _header: 'POST /v2/im/chat/messages HTTP/1.1\r\n' +
      'Accept: application/json, text/plain, */*\r\n' +
      'Content-Type: application/json\r\n' +
      'Authorization: Bearer \r\n' +
      'User-Agent: axios/1.4.0\r\n' +
      'Content-Length: 353\r\n' +
      'Accept-Encoding: gzip, compress, deflate, br\r\n' +
      'Host: api.zoom.us\r\n' +
      'Connection: close\r\n' +
      '\r\n',
    _keepAliveTimeout: 0,
    _onPendingData: [Function: nop],
    agent: Agent {
      _events: [Object: null prototype],
      _eventsCount: 2,
      _maxListeners: undefined,
      defaultPort: 443,
      protocol: 'https:',
      options: [Object: null prototype],
      requests: [Object: null prototype] {},
      sockets: [Object: null prototype],
      freeSockets: [Object: null prototype] {},
      keepAliveMsecs: 1000,
      keepAlive: false,
      maxSockets: Infinity,
      maxFreeSockets: 256,
      scheduling: 'lifo',
      maxTotalSockets: Infinity,
      totalSocketCount: 1,
      maxCachedSessions: 100,
      _sessionCache: [Object],
      [Symbol(kCapture)]: false
    },
    socketPath: undefined,
    method: 'POST',
    maxHeaderSize: undefined,
    insecureHTTPParser: undefined,
    joinDuplicateHeaders: undefined,
    path: '/v2/im/chat/messages',
    _ended: true,
    res: IncomingMessage {
      _readableState: [ReadableState],
      _events: [Object: null prototype],
      _eventsCount: 4,
      _maxListeners: undefined,
      socket: [TLSSocket],
      httpVersionMajor: 1,
      httpVersionMinor: 1,
      httpVersion: '1.1',
      complete: true,
      rawHeaders: [Array],
      rawTrailers: [],
      joinDuplicateHeaders: undefined,
      aborted: false,
      upgrade: false,
      url: '',
      method: null,
      statusCode: 401,
      statusMessage: 'Unauthorized',
      client: [TLSSocket],
      _consuming: false,
      _dumped: false,
      req: [Circular *1],
      responseUrl: 'https://api.zoom.us/v2/im/chat/messages',
      redirects: [],
      [Symbol(kCapture)]: false,
      [Symbol(kHeaders)]: [Object],
      [Symbol(kHeadersCount)]: 38,
      [Symbol(kTrailers)]: null,
      [Symbol(kTrailersCount)]: 0
    },
    aborted: false,
    timeoutCb: null,
    upgradeOrConnect: false,
    parser: null,
    maxHeadersCount: null,
    reusedSocket: false,
    host: 'api.zoom.us',
    protocol: 'https:',
    _redirectable: Writable {
      _writableState: [WritableState],
      _events: [Object: null prototype],
      _eventsCount: 3,
      _maxListeners: undefined,
      _options: [Object],
      _ended: true,
      _ending: true,
      _redirectCount: 0,
      _redirects: [],
      _requestBodyLength: 353,
      _requestBodyBuffers: [],
      _onNativeResponse: [Function (anonymous)],
      _currentRequest: [Circular *1],
      _currentUrl: 'https://api.zoom.us/v2/im/chat/messages',
      [Symbol(kCapture)]: false
    },
    [Symbol(kCapture)]: false,
    [Symbol(kBytesWritten)]: 0,
    [Symbol(kNeedDrain)]: false,
    [Symbol(corked)]: 0,
    [Symbol(kOutHeaders)]: [Object: null prototype] {
      accept: [Array],
      'content-type': [Array],
      authorization: [Array],
      'user-agent': [Array],
      'content-length': [Array],
      'accept-encoding': [Array],
      host: [Array]
    },
    [Symbol(errored)]: null,
    [Symbol(kUniqueHeaders)]: null
  },
  response: {
    status: 401,
    statusText: 'Unauthorized',
    headers: AxiosHeaders {
      date: 'Thu, 04 May 2023 22:16:39 GMT',
      'content-type': 'application/json',
      'content-length': '77',
      connection: 'close',
      'x-zm-trackingid': 'BOT_2aacd5f1d73e45aca7eec57484d21e4c',
      'x-bot-region': 'VA',
      'x-content-type-options': 'nosniff',
      'x-xss-protection': '1; mode=block',
      'cache-control': 'no-cache, no-store, max-age=0, must-revalidate',
      pragma: 'no-cache',
      expires: '0',
      'x-frame-options': 'DENY',
      'cf-cache-status': 'DYNAMIC',
      'set-cookie': [Array],
      'report-to': '{"endpoints":[{"url":"https:\\/\\/a.nel.cloudflare.com\\/report\\/v3?s=aNE4FPoLcxWJhJp9w3AyJHrlAsw9sUE0L2dambXx3hiPl2i0WEqcjbSa4KpQVSyuFO7qsBbzFWuokA2RuaNAj2qKrBD62zjbMnAHVmjzoTsWgwZmcFi1ReQF4mKR"}],"group":"cf-nel","max_age":604800}',
      nel: '{"success_fraction":0.01,"report_to":"cf-nel","max_age":604800}',
      server: 'cloudflare',
      'cf-ray': '7c241bfac8b097f4-SJC',
      'alt-svc': 'h3=":443"; ma=86400, h3-29=":443"; ma=86400'
    },
    config: {
      transitional: [Object],
      adapter: [Array],
      transformRequest: [Array],
      transformResponse: [Array],
      timeout: 0,
      xsrfCookieName: 'XSRF-TOKEN',
      xsrfHeaderName: 'X-XSRF-TOKEN',
      maxContentLength: -1,
      maxBodyLength: -1,
      env: [Object],
      validateStatus: [Function: validateStatus],
      headers: [AxiosHeaders],
      method: 'post',
      url: 'https://api.zoom.us/v2/im/chat/messages',
      data: '{"robot_jid":"v1qtdazs1gsbkwms-3qzukbw@xmpp.zoom.us","to_jid":"jQfUT1woQra0opXcYeanFQ@xmpp.zoom.us/hj2kyhhdqsixpom3c-z4cw@xmpp.zoom.us","account_id":"HPAxVVZtQiuaOo4gyi2sag","user_jid":"jQfUT1woQra0opXcYeanFQ@xmpp.zoom.us","is_markdown_support":true,"content":{"settings":{"default_sidebar_color":"#357B2A"},"body":[{"type":"message","text":"Dashed"}]}}'
    },
    request: <ref *1> ClientRequest {
      _events: [Object: null prototype],
      _eventsCount: 7,
      _maxListeners: undefined,
      outputData: [],
      outputSize: 0,
      writable: true,
      destroyed: false,
      _last: true,
      chunkedEncoding: false,
      shouldKeepAlive: false,
      maxRequestsOnConnectionReached: false,
      _defaultKeepAlive: true,
      useChunkedEncodingByDefault: true,
      sendDate: false,
      _removedConnection: false,
      _removedContLen: false,
      _removedTE: false,
      strictContentLength: false,
      _contentLength: '353',
      _hasBody: true,
      _trailer: '',
      finished: true,
      _headerSent: true,
      _closed: false,
      socket: [TLSSocket],
      _header: 'POST /v2/im/chat/messages HTTP/1.1\r\n' +
        'Accept: application/json, text/plain, */*\r\n' +
        'Content-Type: application/json\r\n' +
        'Authorization: Bearer \r\n' +
        'User-Agent: axios/1.4.0\r\n' +
        'Content-Length: 353\r\n' +
        'Accept-Encoding: gzip, compress, deflate, br\r\n' +
        'Host: api.zoom.us\r\n' +
        'Connection: close\r\n' +
        '\r\n',
      _keepAliveTimeout: 0,
      _onPendingData: [Function: nop],
      agent: [Agent],
      socketPath: undefined,
      method: 'POST',
      maxHeaderSize: undefined,
      insecureHTTPParser: undefined,
      joinDuplicateHeaders: undefined,
      path: '/v2/im/chat/messages',
      _ended: true,
      res: [IncomingMessage],
      aborted: false,
      timeoutCb: null,
      upgradeOrConnect: false,
      parser: null,
      maxHeadersCount: null,
      reusedSocket: false,
      host: 'api.zoom.us',
      protocol: 'https:',
      _redirectable: [Writable],
      [Symbol(kCapture)]: false,
      [Symbol(kBytesWritten)]: 0,
      [Symbol(kNeedDrain)]: false,
      [Symbol(corked)]: 0,
      [Symbol(kOutHeaders)]: [Object: null prototype],
      [Symbol(errored)]: null,
      [Symbol(kUniqueHeaders)]: null
    },
    data: {
      code: 7010,
      message: 'Can not find any token from request.',
      result: false
    }
  }
}

> unsplash-chatbot@2.0.0 start
> node index.js

Unsplash Chatbot for Zoom listening on port 4000!
/new_vote api -- message sent from zoom <ref *2> IncomingMessage {
  _readableState: ReadableState {
    objectMode: false,
    highWaterMark: 16384,
    buffer: BufferList { head: null, tail: null, length: 0 },
    length: 0,
    pipes: [],
    flowing: true,
    ended: true,
    endEmitted: true,
    reading: false,
    constructed: true,
    sync: false,
    needReadable: false,
    emittedReadable: false,
    readableListening: false,
    resumeScheduled: false,
    errorEmitted: false,
    emitClose: true,
    autoDestroy: true,
    destroyed: false,
    errored: null,
    closed: false,
    closeEmitted: false,
    defaultEncoding: 'utf8',
    awaitDrainWriters: null,
    multiAwaitDrain: false,
    readingMore: false,
    dataEmitted: true,
    decoder: null,
    encoding: null,
    [Symbol(kPaused)]: false
  },
  _events: [Object: null prototype] {},
  _eventsCount: 0,
  _maxListeners: undefined,
  socket: <ref *1> Socket {
    connecting: false,
    _hadError: false,
    _parent: null,
    _host: null,
    _closeAfterHandlingError: false,
    _readableState: ReadableState {
      objectMode: false,
      highWaterMark: 16384,
      buffer: BufferList { head: null, tail: null, length: 0 },
      length: 0,
      pipes: [],
      flowing: true,
      ended: false,
      endEmitted: false,
      reading: true,
      constructed: true,
      sync: false,
      needReadable: true,
      emittedReadable: false,
      readableListening: false,
      resumeScheduled: false,
      errorEmitted: false,
      emitClose: false,
      autoDestroy: true,
      destroyed: false,
      errored: null,
      closed: false,
      closeEmitted: false,
      defaultEncoding: 'utf8',
      awaitDrainWriters: null,
      multiAwaitDrain: false,
      readingMore: false,
      dataEmitted: false,
      decoder: null,
      encoding: null,
      [Symbol(kPaused)]: false
    },
    _events: [Object: null prototype] {
      end: [Array],
      timeout: [Function: socketOnTimeout],
      data: [Function: bound socketOnData],
      error: [Function: socketOnError],
      close: [Array],
      drain: [Function: bound socketOnDrain],
      resume: [Function: onSocketResume],
      pause: [Function: onSocketPause]
    },
    _eventsCount: 8,
    _maxListeners: undefined,
    _writableState: WritableState {
      objectMode: false,
      highWaterMark: 16384,
      finalCalled: false,
      needDrain: false,
      ending: false,
      ended: false,
      finished: false,
      destroyed: false,
      decodeStrings: false,
      defaultEncoding: 'utf8',
      length: 0,
      writing: false,
      corked: 0,
      sync: true,
      bufferProcessing: false,
      onwrite: [Function: bound onwrite],
      writecb: null,
      writelen: 0,
      afterWriteTickInfo: null,
      buffered: [],
      bufferedIndex: 0,
      allBuffers: true,
      allNoop: true,
      pendingcb: 0,
      constructed: true,
      prefinished: false,
      errorEmitted: false,
      emitClose: false,
      autoDestroy: true,
      errored: null,
      closed: false,
      closeEmitted: false,
      [Symbol(kOnFinished)]: []
    },
    allowHalfOpen: true,
    _sockname: null,
    _pendingData: null,
    _pendingEncoding: '',
    server: Server {
      maxHeaderSize: undefined,
      insecureHTTPParser: undefined,
      requestTimeout: 300000,
      headersTimeout: 60000,
      keepAliveTimeout: 5000,
      connectionsCheckingInterval: 30000,
      joinDuplicateHeaders: undefined,
      _events: [Object: null prototype],
      _eventsCount: 2,
      _maxListeners: undefined,
      _connections: 1,
      _handle: [TCP],
      _usingWorkers: false,
      _workers: [],
      _unref: false,
      allowHalfOpen: true,
      pauseOnConnect: false,
      noDelay: true,
      keepAlive: false,
      keepAliveInitialDelay: 0,
      httpAllowHalfOpen: false,
      timeout: 0,
      maxHeadersCount: null,
      maxRequestsPerSocket: 0,
      _connectionKey: '6::::4000',
      [Symbol(IncomingMessage)]: [Function: IncomingMessage],
      [Symbol(ServerResponse)]: [Function: ServerResponse],
      [Symbol(kCapture)]: false,
      [Symbol(async_id_symbol)]: 5,
      [Symbol(http.server.connections)]: ConnectionsList {},
      [Symbol(http.server.connectionsCheckingInterval)]: Timeout {
        _idleTimeout: 30000,
        _idlePrev: [TimersList],
        _idleNext: [TimersList],
        _idleStart: 147,
        _onTimeout: [Function: bound checkConnections],
        _timerArgs: undefined,
        _repeat: 30000,
        _destroyed: false,
        [Symbol(refed)]: false,
        [Symbol(kHasPrimitive)]: false,
        [Symbol(asyncId)]: 4,
        [Symbol(triggerId)]: 1
      },
      [Symbol(kUniqueHeaders)]: null
    },
    _server: Server {
      maxHeaderSize: undefined,
      insecureHTTPParser: undefined,
      requestTimeout: 300000,
      headersTimeout: 60000,
      keepAliveTimeout: 5000,
      connectionsCheckingInterval: 30000,
      joinDuplicateHeaders: undefined,
      _events: [Object: null prototype],
      _eventsCount: 2,
      _maxListeners: undefined,
      _connections: 1,
      _handle: [TCP],
      _usingWorkers: false,
      _workers: [],
      _unref: false,
      allowHalfOpen: true,
      pauseOnConnect: false,
      noDelay: true,
      keepAlive: false,
      keepAliveInitialDelay: 0,
      httpAllowHalfOpen: false,
      timeout: 0,
      maxHeadersCount: null,
      maxRequestsPerSocket: 0,
      _connectionKey: '6::::4000',
      [Symbol(IncomingMessage)]: [Function: IncomingMessage],
      [Symbol(ServerResponse)]: [Function: ServerResponse],
      [Symbol(kCapture)]: false,
      [Symbol(async_id_symbol)]: 5,
      [Symbol(http.server.connections)]: ConnectionsList {},
      [Symbol(http.server.connectionsCheckingInterval)]: Timeout {
        _idleTimeout: 30000,
        _idlePrev: [TimersList],
        _idleNext: [TimersList],
        _idleStart: 147,
        _onTimeout: [Function: bound checkConnections],
        _timerArgs: undefined,
        _repeat: 30000,
        _destroyed: false,
        [Symbol(refed)]: false,
        [Symbol(kHasPrimitive)]: false,
        [Symbol(asyncId)]: 4,
        [Symbol(triggerId)]: 1
      },
      [Symbol(kUniqueHeaders)]: null
    },
    parser: HTTPParser {
      '0': null,
      '1': [Function: parserOnHeaders],
      '2': [Function: parserOnHeadersComplete],
      '3': [Function: parserOnBody],
      '4': [Function: parserOnMessageComplete],
      '5': [Function: bound onParserExecute],
      '6': [Function: bound onParserTimeout],
      _headers: [],
      _url: '',
      socket: [Circular *1],
      incoming: [Circular *2],
      outgoing: null,
      maxHeaderPairs: 2000,
      _consumed: true,
      onIncoming: [Function: bound parserOnIncoming],
      [Symbol(resource_symbol)]: [HTTPServerAsyncResource]
    },
    on: [Function: socketListenerWrap],
    addListener: [Function: socketListenerWrap],
    prependListener: [Function: socketListenerWrap],
    setEncoding: [Function: socketSetEncoding],
    _paused: false,
    _httpMessage: ServerResponse {
      _events: [Object: null prototype],
      _eventsCount: 1,
      _maxListeners: undefined,
      outputData: [],
      outputSize: 0,
      writable: true,
      destroyed: false,
      _last: false,
      chunkedEncoding: false,
      shouldKeepAlive: true,
      maxRequestsOnConnectionReached: false,
      _defaultKeepAlive: true,
      useChunkedEncodingByDefault: true,
      sendDate: true,
      _removedConnection: false,
      _removedContLen: false,
      _removedTE: false,
      strictContentLength: false,
      _contentLength: null,
      _hasBody: true,
      _trailer: '',
      finished: false,
      _headerSent: false,
      _closed: false,
      socket: [Circular *1],
      _header: null,
      _keepAliveTimeout: 5000,
      _onPendingData: [Function: bound updateOutgoingData],
      req: [Circular *2],
      _sent100: false,
      _expect_continue: false,
      _maxRequestsPerSocket: 0,
      locals: [Object: null prototype] {},
      [Symbol(kCapture)]: false,
      [Symbol(kBytesWritten)]: 0,
      [Symbol(kNeedDrain)]: false,
      [Symbol(corked)]: 0,
      [Symbol(kOutHeaders)]: [Object: null prototype],
      [Symbol(errored)]: null,
      [Symbol(kUniqueHeaders)]: null
    },
    [Symbol(async_id_symbol)]: 9,
    [Symbol(kHandle)]: TCP {
      reading: true,
      onconnection: null,
      _consumed: true,
      [Symbol(owner_symbol)]: [Circular *1]
    },
    [Symbol(lastWriteQueueSize)]: 0,
    [Symbol(timeout)]: null,
    [Symbol(kBuffer)]: null,
    [Symbol(kBufferCb)]: null,
    [Symbol(kBufferGen)]: null,
    [Symbol(kCapture)]: false,
    [Symbol(kSetNoDelay)]: true,
    [Symbol(kSetKeepAlive)]: false,
    [Symbol(kSetKeepAliveInitialDelay)]: 0,
    [Symbol(kBytesRead)]: 0,
    [Symbol(kBytesWritten)]: 0
  },
  httpVersionMajor: 1,
  httpVersionMinor: 1,
  httpVersion: '1.1',
  complete: true,
  rawHeaders: [
    'Host',
    'ad67-38-99-100-7.ngrok-free.app',
    'User-Agent',
    'Zoom Marketplace/1.0',
    'Content-Length',
    '425',
    'Accept',
    '*/*',
    'Accept-Encoding',
    'gzip',
    'Authorization',
    'Wnnr_37uQH6eEstkUp4k2w',
    'Clientid',
    'oHiKaSdpRPmh5Bah4u5hiw',
    'Content-Type',
    'application/json;charset=UTF-8',
    'X-B3-Parentspanid',
    'ae62c3390a753f31',
    'X-B3-Sampled',
    '0',
    'X-B3-Spanid',
    '5c3acc79300e9e9b',
    'X-B3-Traceid',
    'ae62c3390a753f31',
    'X-Forwarded-For',
    '3.235.82.171',
    'X-Forwarded-Proto',
    'https',
    'X-Span-Name',
    'https:/new_vote',
    'X-Zm-B3',
    '6439fb4d4bd4b248003bbd594c8174da-003bccf9b34c0918-1-003bccf9b34be207',
    'X-Zm-Request-Timestamp',
    '1683239645',
    'X-Zm-Signature',
    'v0=6418b120b5cac164e7233a57945411832899e52ae48401163fe0bc1d09009395',
    'X-Zm-Trackingid',
    'BOT_c248c0c580c644418db4c22015d0ad48'
  ],
  rawTrailers: [],
  joinDuplicateHeaders: undefined,
  aborted: false,
  upgrade: false,
  url: '/new_vote',
  method: 'POST',
  statusCode: null,
  statusMessage: null,
  client: <ref *1> Socket {
    connecting: false,
    _hadError: false,
    _parent: null,
    _host: null,
    _closeAfterHandlingError: false,
    _readableState: ReadableState {
      objectMode: false,
      highWaterMark: 16384,
      buffer: BufferList { head: null, tail: null, length: 0 },
      length: 0,
      pipes: [],
      flowing: true,
      ended: false,
      endEmitted: false,
      reading: true,
      constructed: true,
      sync: false,
      needReadable: true,
      emittedReadable: false,
      readableListening: false,
      resumeScheduled: false,
      errorEmitted: false,
      emitClose: false,
      autoDestroy: true,
      destroyed: false,
      errored: null,
      closed: false,
      closeEmitted: false,
      defaultEncoding: 'utf8',
      awaitDrainWriters: null,
      multiAwaitDrain: false,
      readingMore: false,
      dataEmitted: false,
      decoder: null,
      encoding: null,
      [Symbol(kPaused)]: false
    },
    _events: [Object: null prototype] {
      end: [Array],
      timeout: [Function: socketOnTimeout],
      data: [Function: bound socketOnData],
      error: [Function: socketOnError],
      close: [Array],
      drain: [Function: bound socketOnDrain],
      resume: [Function: onSocketResume],
      pause: [Function: onSocketPause]
    },
    _eventsCount: 8,
    _maxListeners: undefined,
    _writableState: WritableState {
      objectMode: false,
      highWaterMark: 16384,
      finalCalled: false,
      needDrain: false,
      ending: false,
      ended: false,
      finished: false,
      destroyed: false,
      decodeStrings: false,
      defaultEncoding: 'utf8',
      length: 0,
      writing: false,
      corked: 0,
      sync: true,
      bufferProcessing: false,
      onwrite: [Function: bound onwrite],
      writecb: null,
      writelen: 0,
      afterWriteTickInfo: null,
      buffered: [],
      bufferedIndex: 0,
      allBuffers: true,
      allNoop: true,
      pendingcb: 0,
      constructed: true,
      prefinished: false,
      errorEmitted: false,
      emitClose: false,
      autoDestroy: true,
      errored: null,
      closed: false,
      closeEmitted: false,
      [Symbol(kOnFinished)]: []
    },
    allowHalfOpen: true,
    _sockname: null,
    _pendingData: null,
    _pendingEncoding: '',
    server: Server {
      maxHeaderSize: undefined,
      insecureHTTPParser: undefined,
      requestTimeout: 300000,
      headersTimeout: 60000,
      keepAliveTimeout: 5000,
      connectionsCheckingInterval: 30000,
      joinDuplicateHeaders: undefined,
      _events: [Object: null prototype],
      _eventsCount: 2,
      _maxListeners: undefined,
      _connections: 1,
      _handle: [TCP],
      _usingWorkers: false,
      _workers: [],
      _unref: false,
      allowHalfOpen: true,
      pauseOnConnect: false,
      noDelay: true,
      keepAlive: false,
      keepAliveInitialDelay: 0,
      httpAllowHalfOpen: false,
      timeout: 0,
      maxHeadersCount: null,
      maxRequestsPerSocket: 0,
      _connectionKey: '6::::4000',
      [Symbol(IncomingMessage)]: [Function: IncomingMessage],
      [Symbol(ServerResponse)]: [Function: ServerResponse],
      [Symbol(kCapture)]: false,
      [Symbol(async_id_symbol)]: 5,
      [Symbol(http.server.connections)]: ConnectionsList {},
      [Symbol(http.server.connectionsCheckingInterval)]: Timeout {
        _idleTimeout: 30000,
        _idlePrev: [TimersList],
        _idleNext: [TimersList],
        _idleStart: 147,
        _onTimeout: [Function: bound checkConnections],
        _timerArgs: undefined,
        _repeat: 30000,
        _destroyed: false,
        [Symbol(refed)]: false,
        [Symbol(kHasPrimitive)]: false,
        [Symbol(asyncId)]: 4,
        [Symbol(triggerId)]: 1
      },
      [Symbol(kUniqueHeaders)]: null
    },
    _server: Server {
      maxHeaderSize: undefined,
      insecureHTTPParser: undefined,
      requestTimeout: 300000,
      headersTimeout: 60000,
      keepAliveTimeout: 5000,
      connectionsCheckingInterval: 30000,
      joinDuplicateHeaders: undefined,
      _events: [Object: null prototype],
      _eventsCount: 2,
      _maxListeners: undefined,
      _connections: 1,
      _handle: [TCP],
      _usingWorkers: false,
      _workers: [],
      _unref: false,
      allowHalfOpen: true,
      pauseOnConnect: false,
      noDelay: true,
      keepAlive: false,
      keepAliveInitialDelay: 0,
      httpAllowHalfOpen: false,
      timeout: 0,
      maxHeadersCount: null,
      maxRequestsPerSocket: 0,
      _connectionKey: '6::::4000',
      [Symbol(IncomingMessage)]: [Function: IncomingMessage],
      [Symbol(ServerResponse)]: [Function: ServerResponse],
      [Symbol(kCapture)]: false,
      [Symbol(async_id_symbol)]: 5,
      [Symbol(http.server.connections)]: ConnectionsList {},
      [Symbol(http.server.connectionsCheckingInterval)]: Timeout {
        _idleTimeout: 30000,
        _idlePrev: [TimersList],
        _idleNext: [TimersList],
        _idleStart: 147,
        _onTimeout: [Function: bound checkConnections],
        _timerArgs: undefined,
        _repeat: 30000,
        _destroyed: false,
        [Symbol(refed)]: false,
        [Symbol(kHasPrimitive)]: false,
        [Symbol(asyncId)]: 4,
        [Symbol(triggerId)]: 1
      },
      [Symbol(kUniqueHeaders)]: null
    },
    parser: HTTPParser {
      '0': null,
      '1': [Function: parserOnHeaders],
      '2': [Function: parserOnHeadersComplete],
      '3': [Function: parserOnBody],
      '4': [Function: parserOnMessageComplete],
      '5': [Function: bound onParserExecute],
      '6': [Function: bound onParserTimeout],
      _headers: [],
      _url: '',
      socket: [Circular *1],
      incoming: [Circular *2],
      outgoing: null,
      maxHeaderPairs: 2000,
      _consumed: true,
      onIncoming: [Function: bound parserOnIncoming],
      [Symbol(resource_symbol)]: [HTTPServerAsyncResource]
    },
    on: [Function: socketListenerWrap],
    addListener: [Function: socketListenerWrap],
    prependListener: [Function: socketListenerWrap],
    setEncoding: [Function: socketSetEncoding],
    _paused: false,
    _httpMessage: ServerResponse {
      _events: [Object: null prototype],
      _eventsCount: 1,
      _maxListeners: undefined,
      outputData: [],
      outputSize: 0,
      writable: true,
      destroyed: false,
      _last: false,
      chunkedEncoding: false,
      shouldKeepAlive: true,
      maxRequestsOnConnectionReached: false,
      _defaultKeepAlive: true,
      useChunkedEncodingByDefault: true,
      sendDate: true,
      _removedConnection: false,
      _removedContLen: false,
      _removedTE: false,
      strictContentLength: false,
      _contentLength: null,
      _hasBody: true,
      _trailer: '',
      finished: false,
      _headerSent: false,
      _closed: false,
      socket: [Circular *1],
      _header: null,
      _keepAliveTimeout: 5000,
      _onPendingData: [Function: bound updateOutgoingData],
      req: [Circular *2],
      _sent100: false,
      _expect_continue: false,
      _maxRequestsPerSocket: 0,
      locals: [Object: null prototype] {},
      [Symbol(kCapture)]: false,
      [Symbol(kBytesWritten)]: 0,
      [Symbol(kNeedDrain)]: false,
      [Symbol(corked)]: 0,
      [Symbol(kOutHeaders)]: [Object: null prototype],
      [Symbol(errored)]: null,
      [Symbol(kUniqueHeaders)]: null
    },
    [Symbol(async_id_symbol)]: 9,
    [Symbol(kHandle)]: TCP {
      reading: true,
      onconnection: null,
      _consumed: true,
      [Symbol(owner_symbol)]: [Circular *1]
    },
    [Symbol(lastWriteQueueSize)]: 0,
    [Symbol(timeout)]: null,
    [Symbol(kBuffer)]: null,
    [Symbol(kBufferCb)]: null,
    [Symbol(kBufferGen)]: null,
    [Symbol(kCapture)]: false,
    [Symbol(kSetNoDelay)]: true,
    [Symbol(kSetKeepAlive)]: false,
    [Symbol(kSetKeepAliveInitialDelay)]: 0,
    [Symbol(kBytesRead)]: 0,
    [Symbol(kBytesWritten)]: 0
  },
  _consuming: true,
  _dumped: false,
  next: [Function: next],
  baseUrl: '',
  originalUrl: '/new_vote',
  _parsedUrl: Url {
    protocol: null,
    slashes: null,
    auth: null,
    host: null,
    port: null,
    hostname: null,
    hash: null,
    search: null,
    query: null,
    pathname: '/new_vote',
    path: '/new_vote',
    href: '/new_vote',
    _raw: '/new_vote'
  },
  params: {},
  query: {},
  res: <ref *3> ServerResponse {
    _events: [Object: null prototype] { finish: [Function: bound resOnFinish] },
    _eventsCount: 1,
    _maxListeners: undefined,
    outputData: [],
    outputSize: 0,
    writable: true,
    destroyed: false,
    _last: false,
    chunkedEncoding: false,
    shouldKeepAlive: true,
    maxRequestsOnConnectionReached: false,
    _defaultKeepAlive: true,
    useChunkedEncodingByDefault: true,
    sendDate: true,
    _removedConnection: false,
    _removedContLen: false,
    _removedTE: false,
    strictContentLength: false,
    _contentLength: null,
    _hasBody: true,
    _trailer: '',
    finished: false,
    _headerSent: false,
    _closed: false,
    socket: <ref *1> Socket {
      connecting: false,
      _hadError: false,
      _parent: null,
      _host: null,
      _closeAfterHandlingError: false,
      _readableState: [ReadableState],
      _events: [Object: null prototype],
      _eventsCount: 8,
      _maxListeners: undefined,
      _writableState: [WritableState],
      allowHalfOpen: true,
      _sockname: null,
      _pendingData: null,
      _pendingEncoding: '',
      server: [Server],
      _server: [Server],
      parser: [HTTPParser],
      on: [Function: socketListenerWrap],
      addListener: [Function: socketListenerWrap],
      prependListener: [Function: socketListenerWrap],
      setEncoding: [Function: socketSetEncoding],
      _paused: false,
      _httpMessage: [Circular *3],
      [Symbol(async_id_symbol)]: 9,
      [Symbol(kHandle)]: [TCP],
      [Symbol(lastWriteQueueSize)]: 0,
      [Symbol(timeout)]: null,
      [Symbol(kBuffer)]: null,
      [Symbol(kBufferCb)]: null,
      [Symbol(kBufferGen)]: null,
      [Symbol(kCapture)]: false,
      [Symbol(kSetNoDelay)]: true,
      [Symbol(kSetKeepAlive)]: false,
      [Symbol(kSetKeepAliveInitialDelay)]: 0,
      [Symbol(kBytesRead)]: 0,
      [Symbol(kBytesWritten)]: 0
    },
    _header: null,
    _keepAliveTimeout: 5000,
    _onPendingData: [Function: bound updateOutgoingData],
    req: [Circular *2],
    _sent100: false,
    _expect_continue: false,
    _maxRequestsPerSocket: 0,
    locals: [Object: null prototype] {},
    [Symbol(kCapture)]: false,
    [Symbol(kBytesWritten)]: 0,
    [Symbol(kNeedDrain)]: false,
    [Symbol(corked)]: 0,
    [Symbol(kOutHeaders)]: [Object: null prototype] {
      'content-security-policy': [Array],
      'cross-origin-opener-policy': [Array],
      'cross-origin-resource-policy': [Array],
      'x-dns-prefetch-control': [Array],
      'x-frame-options': [Array],
      'strict-transport-security': [Array],
      'x-download-options': [Array],
      'x-content-type-options': [Array],
      'origin-agent-cluster': [Array],
      'x-permitted-cross-domain-policies': [Array],
      'referrer-policy': [Array],
      'x-xss-protection': [Array]
    },
    [Symbol(errored)]: null,
    [Symbol(kUniqueHeaders)]: null
  },
  body: {
    event: 'bot_notification',
    payload: {
      accountId: 'HPAxVVZtQiuaOo4gyi2sag',
      channelName: 'Ojus Save Test',
      cmd: 'abc',
      robotJid: 'v1qtdazs1gsbkwms-3qzukbw@xmpp.zoom.us',
      timestamp: 1683239645217,
      toJid: 'jqfut1woqra0opxcyeanfq@xmpp.zoom.us/hj2kyhhdqsixpom3c-z4cw@xmpp.zoom.us',
      triggerId: 'W3-3bc1PSmmHebESbfrQIg',
      userId: 'jQfUT1woQra0opXcYeanFQ',
      userJid: 'jqfut1woqra0opxcyeanfq@xmpp.zoom.us',
      userName: 'Zoom API User'
    }
  },
  _body: true,
  length: undefined,
  route: Route {
    path: '/new_vote',
    stack: [ [Layer] ],
    methods: { post: true }
  },
  [Symbol(kCapture)]: false,
  [Symbol(kHeaders)]: {
    host: 'ad67-38-99-100-7.ngrok-free.app',
    'user-agent': 'Zoom Marketplace/1.0',
    'content-length': '425',
    accept: '*/*',
    'accept-encoding': 'gzip',
    authorization: 'Wnnr_37uQH6eEstkUp4k2w',
    clientid: 'oHiKaSdpRPmh5Bah4u5hiw',
    'content-type': 'application/json;charset=UTF-8',
    'x-b3-parentspanid': 'ae62c3390a753f31',
    'x-b3-sampled': '0',
    'x-b3-spanid': '5c3acc79300e9e9b',
    'x-b3-traceid': 'ae62c3390a753f31',
    'x-forwarded-for': '3.235.82.171',
    'x-forwarded-proto': 'https',
    'x-span-name': 'https:/new_vote',
    'x-zm-b3': '6439fb4d4bd4b248003bbd594c8174da-003bccf9b34c0918-1-003bccf9b34be207',
    'x-zm-request-timestamp': '1683239645',
    'x-zm-signature': 'v0=6418b120b5cac164e7233a57945411832899e52ae48401163fe0bc1d09009395',
    'x-zm-trackingid': 'BOT_c248c0c580c644418db4c22015d0ad48'
  },
  [Symbol(kHeadersCount)]: 38,
  [Symbol(kTrailers)]: null,
  [Symbol(kTrailersCount)]: 0
}
/new_vote api -- auth header Wnnr_37uQH6eEstkUp4k2w
send chat response status 201
Error occurred: Error: Error sending chat
    at sendChat (/Users/ojusave/Downloads/ZoomNewBot/index.js:330:13)
    at process.processTicksAndRejections (node:internal/process/task_queues:95:5)
    at async /Users/ojusave/Downloads/ZoomNewBot/index.js:259:7

> unsplash-chatbot@2.0.0 start
> node index.js

Unsplash Chatbot for Zoom listening on port 4000!
/new_vote api -- message sent from zoom <ref *2> IncomingMessage {
  _readableState: ReadableState {
    objectMode: false,
    highWaterMark: 16384,
    buffer: BufferList { head: null, tail: null, length: 0 },
    length: 0,
    pipes: [],
    flowing: true,
    ended: true,
    endEmitted: true,
    reading: false,
    constructed: true,
    sync: false,
    needReadable: false,
    emittedReadable: false,
    readableListening: false,
    resumeScheduled: false,
    errorEmitted: false,
    emitClose: true,
    autoDestroy: true,
    destroyed: false,
    errored: null,
    closed: false,
    closeEmitted: false,
    defaultEncoding: 'utf8',
    awaitDrainWriters: null,
    multiAwaitDrain: false,
    readingMore: false,
    dataEmitted: true,
    decoder: null,
    encoding: null,
    [Symbol(kPaused)]: false
  },
  _events: [Object: null prototype] {},
  _eventsCount: 0,
  _maxListeners: undefined,
  socket: <ref *1> Socket {
    connecting: false,
    _hadError: false,
    _parent: null,
    _host: null,
    _closeAfterHandlingError: false,
    _readableState: ReadableState {
      objectMode: false,
      highWaterMark: 16384,
      buffer: BufferList { head: null, tail: null, length: 0 },
      length: 0,
      pipes: [],
      flowing: true,
      ended: false,
      endEmitted: false,
      reading: true,
      constructed: true,
      sync: false,
      needReadable: true,
      emittedReadable: false,
      readableListening: false,
      resumeScheduled: false,
      errorEmitted: false,
      emitClose: false,
      autoDestroy: true,
      destroyed: false,
      errored: null,
      closed: false,
      closeEmitted: false,
      defaultEncoding: 'utf8',
      awaitDrainWriters: null,
      multiAwaitDrain: false,
      readingMore: false,
      dataEmitted: false,
      decoder: null,
      encoding: null,
      [Symbol(kPaused)]: false
    },
    _events: [Object: null prototype] {
      end: [Array],
      timeout: [Function: socketOnTimeout],
      data: [Function: bound socketOnData],
      error: [Function: socketOnError],
      close: [Array],
      drain: [Function: bound socketOnDrain],
      resume: [Function: onSocketResume],
      pause: [Function: onSocketPause]
    },
    _eventsCount: 8,
    _maxListeners: undefined,
    _writableState: WritableState {
      objectMode: false,
      highWaterMark: 16384,
      finalCalled: false,
      needDrain: false,
      ending: false,
      ended: false,
      finished: false,
      destroyed: false,
      decodeStrings: false,
      defaultEncoding: 'utf8',
      length: 0,
      writing: false,
      corked: 0,
      sync: true,
      bufferProcessing: false,
      onwrite: [Function: bound onwrite],
      writecb: null,
      writelen: 0,
      afterWriteTickInfo: null,
      buffered: [],
      bufferedIndex: 0,
      allBuffers: true,
      allNoop: true,
      pendingcb: 0,
      constructed: true,
      prefinished: false,
      errorEmitted: false,
      emitClose: false,
      autoDestroy: true,
      errored: null,
      closed: false,
      closeEmitted: false,
      [Symbol(kOnFinished)]: []
    },
    allowHalfOpen: true,
    _sockname: null,
    _pendingData: null,
    _pendingEncoding: '',
    server: Server {
      maxHeaderSize: undefined,
      insecureHTTPParser: undefined,
      requestTimeout: 300000,
      headersTimeout: 60000,
      keepAliveTimeout: 5000,
      connectionsCheckingInterval: 30000,
      joinDuplicateHeaders: undefined,
      _events: [Object: null prototype],
      _eventsCount: 2,
      _maxListeners: undefined,
      _connections: 1,
      _handle: [TCP],
      _usingWorkers: false,
      _workers: [],
      _unref: false,
      allowHalfOpen: true,
      pauseOnConnect: false,
      noDelay: true,
      keepAlive: false,
      keepAliveInitialDelay: 0,
      httpAllowHalfOpen: false,
      timeout: 0,
      maxHeadersCount: null,
      maxRequestsPerSocket: 0,
      _connectionKey: '6::::4000',
      [Symbol(IncomingMessage)]: [Function: IncomingMessage],
      [Symbol(ServerResponse)]: [Function: ServerResponse],
      [Symbol(kCapture)]: false,
      [Symbol(async_id_symbol)]: 5,
      [Symbol(http.server.connections)]: ConnectionsList {},
      [Symbol(http.server.connectionsCheckingInterval)]: Timeout {
        _idleTimeout: 30000,
        _idlePrev: [TimersList],
        _idleNext: [TimersList],
        _idleStart: 242,
        _onTimeout: [Function: bound checkConnections],
        _timerArgs: undefined,
        _repeat: 30000,
        _destroyed: false,
        [Symbol(refed)]: false,
        [Symbol(kHasPrimitive)]: false,
        [Symbol(asyncId)]: 4,
        [Symbol(triggerId)]: 1
      },
      [Symbol(kUniqueHeaders)]: null
    },
    _server: Server {
      maxHeaderSize: undefined,
      insecureHTTPParser: undefined,
      requestTimeout: 300000,
      headersTimeout: 60000,
      keepAliveTimeout: 5000,
      connectionsCheckingInterval: 30000,
      joinDuplicateHeaders: undefined,
      _events: [Object: null prototype],
      _eventsCount: 2,
      _maxListeners: undefined,
      _connections: 1,
      _handle: [TCP],
      _usingWorkers: false,
      _workers: [],
      _unref: false,
      allowHalfOpen: true,
      pauseOnConnect: false,
      noDelay: true,
      keepAlive: false,
      keepAliveInitialDelay: 0,
      httpAllowHalfOpen: false,
      timeout: 0,
      maxHeadersCount: null,
      maxRequestsPerSocket: 0,
      _connectionKey: '6::::4000',
      [Symbol(IncomingMessage)]: [Function: IncomingMessage],
      [Symbol(ServerResponse)]: [Function: ServerResponse],
      [Symbol(kCapture)]: false,
      [Symbol(async_id_symbol)]: 5,
      [Symbol(http.server.connections)]: ConnectionsList {},
      [Symbol(http.server.connectionsCheckingInterval)]: Timeout {
        _idleTimeout: 30000,
        _idlePrev: [TimersList],
        _idleNext: [TimersList],
        _idleStart: 242,
        _onTimeout: [Function: bound checkConnections],
        _timerArgs: undefined,
        _repeat: 30000,
        _destroyed: false,
        [Symbol(refed)]: false,
        [Symbol(kHasPrimitive)]: false,
        [Symbol(asyncId)]: 4,
        [Symbol(triggerId)]: 1
      },
      [Symbol(kUniqueHeaders)]: null
    },
    parser: HTTPParser {
      '0': null,
      '1': [Function: parserOnHeaders],
      '2': [Function: parserOnHeadersComplete],
      '3': [Function: parserOnBody],
      '4': [Function: parserOnMessageComplete],
      '5': [Function: bound onParserExecute],
      '6': [Function: bound onParserTimeout],
      _headers: [],
      _url: '',
      socket: [Circular *1],
      incoming: [Circular *2],
      outgoing: null,
      maxHeaderPairs: 2000,
      _consumed: true,
      onIncoming: [Function: bound parserOnIncoming],
      [Symbol(resource_symbol)]: [HTTPServerAsyncResource]
    },
    on: [Function: socketListenerWrap],
    addListener: [Function: socketListenerWrap],
    prependListener: [Function: socketListenerWrap],
    setEncoding: [Function: socketSetEncoding],
    _paused: false,
    _httpMessage: ServerResponse {
      _events: [Object: null prototype],
      _eventsCount: 1,
      _maxListeners: undefined,
      outputData: [],
      outputSize: 0,
      writable: true,
      destroyed: false,
      _last: false,
      chunkedEncoding: false,
      shouldKeepAlive: true,
      maxRequestsOnConnectionReached: false,
      _defaultKeepAlive: true,
      useChunkedEncodingByDefault: true,
      sendDate: true,
      _removedConnection: false,
      _removedContLen: false,
      _removedTE: false,
      strictContentLength: false,
      _contentLength: null,
      _hasBody: true,
      _trailer: '',
      finished: false,
      _headerSent: false,
      _closed: false,
      socket: [Circular *1],
      _header: null,
      _keepAliveTimeout: 5000,
      _onPendingData: [Function: bound updateOutgoingData],
      req: [Circular *2],
      _sent100: false,
      _expect_continue: false,
      _maxRequestsPerSocket: 0,
      locals: [Object: null prototype] {},
      [Symbol(kCapture)]: false,
      [Symbol(kBytesWritten)]: 0,
      [Symbol(kNeedDrain)]: false,
      [Symbol(corked)]: 0,
      [Symbol(kOutHeaders)]: [Object: null prototype],
      [Symbol(errored)]: null,
      [Symbol(kUniqueHeaders)]: null
    },
    [Symbol(async_id_symbol)]: 9,
    [Symbol(kHandle)]: TCP {
      reading: true,
      onconnection: null,
      _consumed: true,
      [Symbol(owner_symbol)]: [Circular *1]
    },
    [Symbol(lastWriteQueueSize)]: 0,
    [Symbol(timeout)]: null,
    [Symbol(kBuffer)]: null,
    [Symbol(kBufferCb)]: null,
    [Symbol(kBufferGen)]: null,
    [Symbol(kCapture)]: false,
    [Symbol(kSetNoDelay)]: true,
    [Symbol(kSetKeepAlive)]: false,
    [Symbol(kSetKeepAliveInitialDelay)]: 0,
    [Symbol(kBytesRead)]: 0,
    [Symbol(kBytesWritten)]: 0
  },
  httpVersionMajor: 1,
  httpVersionMinor: 1,
  httpVersion: '1.1',
  complete: true,
  rawHeaders: [
    'Host',
    'ad67-38-99-100-7.ngrok-free.app',
    'User-Agent',
    'Zoom Marketplace/1.0',
    'Content-Length',
    '425',
    'Accept',
    '*/*',
    'Accept-Encoding',
    'gzip',
    'Authorization',
    'Wnnr_37uQH6eEstkUp4k2w',
    'Clientid',
    'oHiKaSdpRPmh5Bah4u5hiw',
    'Content-Type',
    'application/json;charset=UTF-8',
    'X-B3-Parentspanid',
    'b4687fd98c68ca4c',
    'X-B3-Sampled',
    '0',
    'X-B3-Spanid',
    'fab143b916097d0c',
    'X-B3-Traceid',
    'b4687fd98c68ca4c',
    'X-Forwarded-For',
    '3.235.82.171',
    'X-Forwarded-Proto',
    'https',
    'X-Span-Name',
    'https:/new_vote',
    'X-Zm-B3',
    '6454337d49406bd8003bccfa12ac9884-003bccfa12afe6b8-1-003bccfa12afe6b7',
    'X-Zm-Request-Timestamp',
    '1683239805',
    'X-Zm-Signature',
    'v0=15d41a804f0edae353dc5dd9543e928940eec97f26ae30790a1d10ff00294bce',
    'X-Zm-Trackingid',
    'BOT_5965f9e02b504c76b7161a58bfbd49a9'
  ],
  rawTrailers: [],
  joinDuplicateHeaders: undefined,
  aborted: false,
  upgrade: false,
  url: '/new_vote',
  method: 'POST',
  statusCode: null,
  statusMessage: null,
  client: <ref *1> Socket {
    connecting: false,
    _hadError: false,
    _parent: null,
    _host: null,
    _closeAfterHandlingError: false,
    _readableState: ReadableState {
      objectMode: false,
      highWaterMark: 16384,
      buffer: BufferList { head: null, tail: null, length: 0 },
      length: 0,
      pipes: [],
      flowing: true,
      ended: false,
      endEmitted: false,
      reading: true,
      constructed: true,
      sync: false,
      needReadable: true,
      emittedReadable: false,
      readableListening: false,
      resumeScheduled: false,
      errorEmitted: false,
      emitClose: false,
      autoDestroy: true,
      destroyed: false,
      errored: null,
      closed: false,
      closeEmitted: false,
      defaultEncoding: 'utf8',
      awaitDrainWriters: null,
      multiAwaitDrain: false,
      readingMore: false,
      dataEmitted: false,
      decoder: null,
      encoding: null,
      [Symbol(kPaused)]: false
    },
    _events: [Object: null prototype] {
      end: [Array],
      timeout: [Function: socketOnTimeout],
      data: [Function: bound socketOnData],
      error: [Function: socketOnError],
      close: [Array],
      drain: [Function: bound socketOnDrain],
      resume: [Function: onSocketResume],
      pause: [Function: onSocketPause]
    },
    _eventsCount: 8,
    _maxListeners: undefined,
    _writableState: WritableState {
      objectMode: false,
      highWaterMark: 16384,
      finalCalled: false,
      needDrain: false,
      ending: false,
      ended: false,
      finished: false,
      destroyed: false,
      decodeStrings: false,
      defaultEncoding: 'utf8',
      length: 0,
      writing: false,
      corked: 0,
      sync: true,
      bufferProcessing: false,
      onwrite: [Function: bound onwrite],
      writecb: null,
      writelen: 0,
      afterWriteTickInfo: null,
      buffered: [],
      bufferedIndex: 0,
      allBuffers: true,
      allNoop: true,
      pendingcb: 0,
      constructed: true,
      prefinished: false,
      errorEmitted: false,
      emitClose: false,
      autoDestroy: true,
      errored: null,
      closed: false,
      closeEmitted: false,
      [Symbol(kOnFinished)]: []
    },
    allowHalfOpen: true,
    _sockname: null,
    _pendingData: null,
    _pendingEncoding: '',
    server: Server {
      maxHeaderSize: undefined,
      insecureHTTPParser: undefined,
      requestTimeout: 300000,
      headersTimeout: 60000,
      keepAliveTimeout: 5000,
      connectionsCheckingInterval: 30000,
      joinDuplicateHeaders: undefined,
      _events: [Object: null prototype],
      _eventsCount: 2,
      _maxListeners: undefined,
      _connections: 1,
      _handle: [TCP],
      _usingWorkers: false,
      _workers: [],
      _unref: false,
      allowHalfOpen: true,
      pauseOnConnect: false,
      noDelay: true,
      keepAlive: false,
      keepAliveInitialDelay: 0,
      httpAllowHalfOpen: false,
      timeout: 0,
      maxHeadersCount: null,
      maxRequestsPerSocket: 0,
      _connectionKey: '6::::4000',
      [Symbol(IncomingMessage)]: [Function: IncomingMessage],
      [Symbol(ServerResponse)]: [Function: ServerResponse],
      [Symbol(kCapture)]: false,
      [Symbol(async_id_symbol)]: 5,
      [Symbol(http.server.connections)]: ConnectionsList {},
      [Symbol(http.server.connectionsCheckingInterval)]: Timeout {
        _idleTimeout: 30000,
        _idlePrev: [TimersList],
        _idleNext: [TimersList],
        _idleStart: 242,
        _onTimeout: [Function: bound checkConnections],
        _timerArgs: undefined,
        _repeat: 30000,
        _destroyed: false,
        [Symbol(refed)]: false,
        [Symbol(kHasPrimitive)]: false,
        [Symbol(asyncId)]: 4,
        [Symbol(triggerId)]: 1
      },
      [Symbol(kUniqueHeaders)]: null
    },
    _server: Server {
      maxHeaderSize: undefined,
      insecureHTTPParser: undefined,
      requestTimeout: 300000,
      headersTimeout: 60000,
      keepAliveTimeout: 5000,
      connectionsCheckingInterval: 30000,
      joinDuplicateHeaders: undefined,
      _events: [Object: null prototype],
      _eventsCount: 2,
      _maxListeners: undefined,
      _connections: 1,
      _handle: [TCP],
      _usingWorkers: false,
      _workers: [],
      _unref: false,
      allowHalfOpen: true,
      pauseOnConnect: false,
      noDelay: true,
      keepAlive: false,
      keepAliveInitialDelay: 0,
      httpAllowHalfOpen: false,
      timeout: 0,
      maxHeadersCount: null,
      maxRequestsPerSocket: 0,
      _connectionKey: '6::::4000',
      [Symbol(IncomingMessage)]: [Function: IncomingMessage],
      [Symbol(ServerResponse)]: [Function: ServerResponse],
      [Symbol(kCapture)]: false,
      [Symbol(async_id_symbol)]: 5,
      [Symbol(http.server.connections)]: ConnectionsList {},
      [Symbol(http.server.connectionsCheckingInterval)]: Timeout {
        _idleTimeout: 30000,
        _idlePrev: [TimersList],
        _idleNext: [TimersList],
        _idleStart: 242,
        _onTimeout: [Function: bound checkConnections],
        _timerArgs: undefined,
        _repeat: 30000,
        _destroyed: false,
        [Symbol(refed)]: false,
        [Symbol(kHasPrimitive)]: false,
        [Symbol(asyncId)]: 4,
        [Symbol(triggerId)]: 1
      },
      [Symbol(kUniqueHeaders)]: null
    },
    parser: HTTPParser {
      '0': null,
      '1': [Function: parserOnHeaders],
      '2': [Function: parserOnHeadersComplete],
      '3': [Function: parserOnBody],
      '4': [Function: parserOnMessageComplete],
      '5': [Function: bound onParserExecute],
      '6': [Function: bound onParserTimeout],
      _headers: [],
      _url: '',
      socket: [Circular *1],
      incoming: [Circular *2],
      outgoing: null,
      maxHeaderPairs: 2000,
      _consumed: true,
      onIncoming: [Function: bound parserOnIncoming],
      [Symbol(resource_symbol)]: [HTTPServerAsyncResource]
    },
    on: [Function: socketListenerWrap],
    addListener: [Function: socketListenerWrap],
    prependListener: [Function: socketListenerWrap],
    setEncoding: [Function: socketSetEncoding],
    _paused: false,
    _httpMessage: ServerResponse {
      _events: [Object: null prototype],
      _eventsCount: 1,
      _maxListeners: undefined,
      outputData: [],
      outputSize: 0,
      writable: true,
      destroyed: false,
      _last: false,
      chunkedEncoding: false,
      shouldKeepAlive: true,
      maxRequestsOnConnectionReached: false,
      _defaultKeepAlive: true,
      useChunkedEncodingByDefault: true,
      sendDate: true,
      _removedConnection: false,
      _removedContLen: false,
      _removedTE: false,
      strictContentLength: false,
      _contentLength: null,
      _hasBody: true,
      _trailer: '',
      finished: false,
      _headerSent: false,
      _closed: false,
      socket: [Circular *1],
      _header: null,
      _keepAliveTimeout: 5000,
      _onPendingData: [Function: bound updateOutgoingData],
      req: [Circular *2],
      _sent100: false,
      _expect_continue: false,
      _maxRequestsPerSocket: 0,
      locals: [Object: null prototype] {},
      [Symbol(kCapture)]: false,
      [Symbol(kBytesWritten)]: 0,
      [Symbol(kNeedDrain)]: false,
      [Symbol(corked)]: 0,
      [Symbol(kOutHeaders)]: [Object: null prototype],
      [Symbol(errored)]: null,
      [Symbol(kUniqueHeaders)]: null
    },
    [Symbol(async_id_symbol)]: 9,
    [Symbol(kHandle)]: TCP {
      reading: true,
      onconnection: null,
      _consumed: true,
      [Symbol(owner_symbol)]: [Circular *1]
    },
    [Symbol(lastWriteQueueSize)]: 0,
    [Symbol(timeout)]: null,
    [Symbol(kBuffer)]: null,
    [Symbol(kBufferCb)]: null,
    [Symbol(kBufferGen)]: null,
    [Symbol(kCapture)]: false,
    [Symbol(kSetNoDelay)]: true,
    [Symbol(kSetKeepAlive)]: false,
    [Symbol(kSetKeepAliveInitialDelay)]: 0,
    [Symbol(kBytesRead)]: 0,
    [Symbol(kBytesWritten)]: 0
  },
  _consuming: true,
  _dumped: false,
  next: [Function: next],
  baseUrl: '',
  originalUrl: '/new_vote',
  _parsedUrl: Url {
    protocol: null,
    slashes: null,
    auth: null,
    host: null,
    port: null,
    hostname: null,
    hash: null,
    search: null,
    query: null,
    pathname: '/new_vote',
    path: '/new_vote',
    href: '/new_vote',
    _raw: '/new_vote'
  },
  params: {},
  query: {},
  res: <ref *3> ServerResponse {
    _events: [Object: null prototype] { finish: [Function: bound resOnFinish] },
    _eventsCount: 1,
    _maxListeners: undefined,
    outputData: [],
    outputSize: 0,
    writable: true,
    destroyed: false,
    _last: false,
    chunkedEncoding: false,
    shouldKeepAlive: true,
    maxRequestsOnConnectionReached: false,
    _defaultKeepAlive: true,
    useChunkedEncodingByDefault: true,
    sendDate: true,
    _removedConnection: false,
    _removedContLen: false,
    _removedTE: false,
    strictContentLength: false,
    _contentLength: null,
    _hasBody: true,
    _trailer: '',
    finished: false,
    _headerSent: false,
    _closed: false,
    socket: <ref *1> Socket {
      connecting: false,
      _hadError: false,
      _parent: null,
      _host: null,
      _closeAfterHandlingError: false,
      _readableState: [ReadableState],
      _events: [Object: null prototype],
      _eventsCount: 8,
      _maxListeners: undefined,
      _writableState: [WritableState],
      allowHalfOpen: true,
      _sockname: null,
      _pendingData: null,
      _pendingEncoding: '',
      server: [Server],
      _server: [Server],
      parser: [HTTPParser],
      on: [Function: socketListenerWrap],
      addListener: [Function: socketListenerWrap],
      prependListener: [Function: socketListenerWrap],
      setEncoding: [Function: socketSetEncoding],
      _paused: false,
      _httpMessage: [Circular *3],
      [Symbol(async_id_symbol)]: 9,
      [Symbol(kHandle)]: [TCP],
      [Symbol(lastWriteQueueSize)]: 0,
      [Symbol(timeout)]: null,
      [Symbol(kBuffer)]: null,
      [Symbol(kBufferCb)]: null,
      [Symbol(kBufferGen)]: null,
      [Symbol(kCapture)]: false,
      [Symbol(kSetNoDelay)]: true,
      [Symbol(kSetKeepAlive)]: false,
      [Symbol(kSetKeepAliveInitialDelay)]: 0,
      [Symbol(kBytesRead)]: 0,
      [Symbol(kBytesWritten)]: 0
    },
    _header: null,
    _keepAliveTimeout: 5000,
    _onPendingData: [Function: bound updateOutgoingData],
    req: [Circular *2],
    _sent100: false,
    _expect_continue: false,
    _maxRequestsPerSocket: 0,
    locals: [Object: null prototype] {},
    [Symbol(kCapture)]: false,
    [Symbol(kBytesWritten)]: 0,
    [Symbol(kNeedDrain)]: false,
    [Symbol(corked)]: 0,
    [Symbol(kOutHeaders)]: [Object: null prototype] {
      'content-security-policy': [Array],
      'cross-origin-opener-policy': [Array],
      'cross-origin-resource-policy': [Array],
      'x-dns-prefetch-control': [Array],
      'x-frame-options': [Array],
      'strict-transport-security': [Array],
      'x-download-options': [Array],
      'x-content-type-options': [Array],
      'origin-agent-cluster': [Array],
      'x-permitted-cross-domain-policies': [Array],
      'referrer-policy': [Array],
      'x-xss-protection': [Array]
    },
    [Symbol(errored)]: null,
    [Symbol(kUniqueHeaders)]: null
  },
  body: {
    event: 'bot_notification',
    payload: {
      accountId: 'HPAxVVZtQiuaOo4gyi2sag',
      channelName: 'Ojus Save Test',
      cmd: 'abc',
      robotJid: 'v1qtdazs1gsbkwms-3qzukbw@xmpp.zoom.us',
      timestamp: 1683239805313,
      toJid: 'jqfut1woqra0opxcyeanfq@xmpp.zoom.us/hj2kyhhdqsixpom3c-z4cw@xmpp.zoom.us',
      triggerId: 'fFlV3U_DQ12NWBziVwgTYg',
      userId: 'jQfUT1woQra0opXcYeanFQ',
      userJid: 'jqfut1woqra0opxcyeanfq@xmpp.zoom.us',
      userName: 'Zoom API User'
    }
  },
  _body: true,
  length: undefined,
  route: Route {
    path: '/new_vote',
    stack: [ [Layer] ],
    methods: { post: true }
  },
  [Symbol(kCapture)]: false,
  [Symbol(kHeaders)]: {
    host: 'ad67-38-99-100-7.ngrok-free.app',
    'user-agent': 'Zoom Marketplace/1.0',
    'content-length': '425',
    accept: '*/*',
    'accept-encoding': 'gzip',
    authorization: 'Wnnr_37uQH6eEstkUp4k2w',
    clientid: 'oHiKaSdpRPmh5Bah4u5hiw',
    'content-type': 'application/json;charset=UTF-8',
    'x-b3-parentspanid': 'b4687fd98c68ca4c',
    'x-b3-sampled': '0',
    'x-b3-spanid': 'fab143b916097d0c',
    'x-b3-traceid': 'b4687fd98c68ca4c',
    'x-forwarded-for': '3.235.82.171',
    'x-forwarded-proto': 'https',
    'x-span-name': 'https:/new_vote',
    'x-zm-b3': '6454337d49406bd8003bccfa12ac9884-003bccfa12afe6b8-1-003bccfa12afe6b7',
    'x-zm-request-timestamp': '1683239805',
    'x-zm-signature': 'v0=15d41a804f0edae353dc5dd9543e928940eec97f26ae30790a1d10ff00294bce',
    'x-zm-trackingid': 'BOT_5965f9e02b504c76b7161a58bfbd49a9'
  },
  [Symbol(kHeadersCount)]: 38,
  [Symbol(kTrailers)]: null,
  [Symbol(kTrailersCount)]: 0
}
/new_vote api -- auth header Wnnr_37uQH6eEstkUp4k2w
send chat response status 201
/new_vote api -- chatbot token --  eyJzdiI6IjAwMDAwMSIsImFsZyI6IkhTNTEyIiwidiI6IjIuMCIsImtpZCI6ImI5MzE3MmU1LTlkZDYtNGJiYi1iOTg0LTFhM2RhYTEzNDc0NSJ9.eyJhdWQiOiJodHRwczovL29hdXRoLnpvb20udXMiLCJ1aWQiOiJqUWZVVDF3b1FyYTBvcFhjWWVhbkZRIiwidmVyIjo5LCJhdWlkIjoiNGZhY2QzOTdjZjZjMTMzZWU4NGI4ODBkMjI3MTRmYWQiLCJuYmYiOjE2ODMyMzk4MDUsImlzcyI6InptOmNpZDpvSGlLYVNkcFJQbWg1QmFoNHU1aGl3IiwiZ25vIjowLCJleHAiOjE2ODMyNDM0MDUsInR5cGUiOjIsImlhdCI6MTY4MzIzOTgwNX0.3ZHfALeiRkRsVj-XOwDnvlJorjvwMjgqHeWNwkrPGDCZLUDiB9nf6fjEBNiTmdyEbd4rmeCQb_zwMLZ5J-aB5A
